/home/matan/ros2_ws/src/esp32_bridge_pkg/install/esp32_bridge_pkg/lib/python3.10/site-packages/esp32_bridge_pkg/bridge_node.py
/home/matan/ros2_ws/src/esp32_bridge_pkg/install/esp32_bridge_pkg/lib/python3.10/site-packages/esp32_bridge_pkg/__init__.py
/home/matan/ros2_ws/src/esp32_bridge_pkg/install/esp32_bridge_pkg/lib/python3.10/site-packages/esp32_bridge_pkg/lidar_bridge.py
/home/matan/ros2_ws/src/esp32_bridge_pkg/install/esp32_bridge_pkg/lib/python3.10/site-packages/esp32_bridge_pkg/__pycache__/bridge_node.cpython-310.pyc
/home/matan/ros2_ws/src/esp32_bridge_pkg/install/esp32_bridge_pkg/lib/python3.10/site-packages/esp32_bridge_pkg/__pycache__/__init__.cpython-310.pyc
/home/matan/ros2_ws/src/esp32_bridge_pkg/install/esp32_bridge_pkg/lib/python3.10/site-packages/esp32_bridge_pkg/__pycache__/lidar_bridge.cpython-310.pyc
/home/matan/ros2_ws/src/esp32_bridge_pkg/install/esp32_bridge_pkg/share/ament_index/resource_index/packages/esp32_bridge_pkg
/home/matan/ros2_ws/src/esp32_bridge_pkg/install/esp32_bridge_pkg/share/esp32_bridge_pkg/package.xml
/home/matan/ros2_ws/src/esp32_bridge_pkg/install/esp32_bridge_pkg/share/esp32_bridge_pkg/launch/robot_launch.py
/home/matan/ros2_ws/src/esp32_bridge_pkg/install/esp32_bridge_pkg/share/esp32_bridge_pkg/urdf/robot.urdf
/home/matan/ros2_ws/src/esp32_bridge_pkg/install/esp32_bridge_pkg/share/esp32_bridge_pkg/config/mapper_params.yaml
/home/matan/ros2_ws/src/esp32_bridge_pkg/install/esp32_bridge_pkg/lib/python3.10/site-packages/esp32_bridge_pkg-0.0.0-py3.10.egg-info/PKG-INFO
/home/matan/ros2_ws/src/esp32_bridge_pkg/install/esp32_bridge_pkg/lib/python3.10/site-packages/esp32_bridge_pkg-0.0.0-py3.10.egg-info/dependency_links.txt
/home/matan/ros2_ws/src/esp32_bridge_pkg/install/esp32_bridge_pkg/lib/python3.10/site-packages/esp32_bridge_pkg-0.0.0-py3.10.egg-info/zip-safe
/home/matan/ros2_ws/src/esp32_bridge_pkg/install/esp32_bridge_pkg/lib/python3.10/site-packages/esp32_bridge_pkg-0.0.0-py3.10.egg-info/requires.txt
/home/matan/ros2_ws/src/esp32_bridge_pkg/install/esp32_bridge_pkg/lib/python3.10/site-packages/esp32_bridge_pkg-0.0.0-py3.10.egg-info/SOURCES.txt
/home/matan/ros2_ws/src/esp32_bridge_pkg/install/esp32_bridge_pkg/lib/python3.10/site-packages/esp32_bridge_pkg-0.0.0-py3.10.egg-info/top_level.txt
/home/matan/ros2_ws/src/esp32_bridge_pkg/install/esp32_bridge_pkg/lib/python3.10/site-packages/esp32_bridge_pkg-0.0.0-py3.10.egg-info/entry_points.txt
/home/matan/ros2_ws/src/esp32_bridge_pkg/install/esp32_bridge_pkg/lib/esp32_bridge_pkg/lidar_bridge
/home/matan/ros2_ws/src/esp32_bridge_pkg/install/esp32_bridge_pkg/lib/esp32_bridge_pkg/motor_bridge
